#
# A fatal error has been detected by the Java Runtime Environment:
#
#  SIGBUS (0x7) at pc=0x000074ac1a203bca, pid=23299, tid=0x000074ac191ff6c0
#
# JRE version: OpenJDK Runtime Environment (8.0_422-b05) (build 1.8.0_422-b05)
# Java VM: OpenJDK 64-Bit Server VM (25.422-b05 mixed mode linux-amd64 compressed oops)
# Problematic frame:
# C  [libzip.so+0x4bca]
#
# Core dump written. Default location: /home/user/IdeaProjects/PlayerESP/build/_renameJar_3/core or core.23299
#
# If you would like to submit a bug report, please visit:
#   http://bugreport.java.com/bugreport/crash.jsp
# The crash happened outside the Java Virtual Machine in native code.
# See problematic frame for where to report the bug.
#

---------------  T H R E A D  ---------------

Current thread (0x000074ac1400a000):  JavaThread "main" [_thread_in_native, id=23300, stack(0x000074ac19100000,0x000074ac19200000)]

siginfo: si_signo: 7 (SIGBUS), si_code: 2 (BUS_ADRERR), si_addr: 0x000074abfc0d7ebf

Registers:
RAX=0x000074ac142c7c30, RBX=0x000074ac141fb9d0, RCX=0x0000000000000003, RDX=0x000074ac140008e0
RSP=0x000074ac191fe180, RBP=0x000074ac191fe200, RSI=0x000074ac142b97f0, RDI=0x0000000000000013
R8 =0x00000000c8d53fc3, R9 =0x000000000000003e, R10=0x000074ac0524b918, R11=0x000000000000000a
R12=0x000074abfc0d7ea1, R13=0x000074abfc0d7ea1, R14=0x000074ac142c5440, R15=0x000074ac142c7c30
RIP=0x000074ac1a203bca, EFLAGS=0x0000000000010202, CSGSFS=0x002b000000000033, ERR=0x0000000000000004
  TRAPNO=0x000000000000000e

Top of Stack: (sp=0x000074ac191fe180)
0x000074ac191fe180:   000074ac191fe230 000074ac19fe94fd
0x000074ac191fe190:   d931447300000043 000074ac142497b8
0x000074ac191fe1a0:   0000000000000000 000074ac19ffcba0
0x000074ac191fe1b0:   000000000000001d 000000000000022b
0x000074ac191fe1c0:   0000022900000012 000074ac1998fe3a
0x000074ac191fe1d0:   000000000000003e 000074ac14214770
0x000074ac191fe1e0:   000074ac191fe270 00000000c8d53fc3
0x000074ac191fe1f0:   000074ac142c5440 000074ac141fb9d0
0x000074ac191fe200:   000074ac191fe250 000074ac1a2055c5
0x000074ac191fe210:   000000000000003e 0000003e010b4761
0x000074ac191fe220:   0000000000023ab1 000000000000003e
0x000074ac191fe230:   000074ac191fe270 000074ac1400a260
0x000074ac191fe240:   0000000000000001 000074ac191fe6c8
0x000074ac191fe250:   000074ac191fe6b0 000074ac1a2032b9
0x000074ac191fe260:   0000000572e90a70 000074ac141fb9d0
0x000074ac191fe270:   656e696d2f74656e 726f667466617263
0x000074ac191fe280:   6e65696c632f6567 2f6c65646f6d2f74
0x000074ac191fe290:   4d4a424f2f6a626f 4a424f246c65646f
0x000074ac191fe2a0:   79747265706f7250 00007373616c632e
0x000074ac191fe2b0:   0000000000000010 000074ac1400a000
0x000074ac191fe2c0:   000074ac14dc0000 000074ac0551a634
0x000074ac191fe2d0:   0000000000000200 0000000000000000
0x000074ac191fe2e0:   000074ac1400a000 0000000000000001
0x000074ac191fe2f0:   000074ac191fe35f 000074ac14248c30
0x000074ac191fe300:   0000000000000000 000074ac14248080
0x000074ac191fe310:   000074ac14dc0000 000074ac055845dc
0x000074ac191fe320:   0000000772eaf6c0 00000006c81b4788
0x000074ac191fe330:   0000000772eaf660 00000000000b4762
0x000074ac191fe340:   000007e8000007e8 00000006c8e43058
0x000074ac191fe350:   0000000b0000000a 0000000600000001
0x000074ac191fe360:   00000006c81b4788 0000000000000000
0x000074ac191fe370:   000074ac14dc0000 000074ac0551f7a4 

Instructions: (pc=0x000074ac1a203bca)
0x000074ac1a203baa:   8b 73 48 48 8b 7b 10 b9 a0 00 00 00 4c 89 e2 e8
0x000074ac1a203bba:   b2 fe ff ff 49 89 c5 4d 85 ed 0f 84 96 03 00 00
0x000074ac1a203bca:   41 0f b7 45 1e 45 0f b7 75 1c 48 c7 45 c8 00 00
0x000074ac1a203bda:   00 00 66 41 83 7d 0a 00 66 89 45 ae 4d 89 f4 89 

Register to memory mapping:

RAX=0x000074ac142c7c30 is an unknown value
RBX=0x000074ac141fb9d0 is an unknown value
RCX=0x0000000000000003 is an unknown value
RDX=0x000074ac140008e0 is an unknown value
RSP=0x000074ac191fe180 is pointing into the stack for thread: 0x000074ac1400a000
RBP=0x000074ac191fe200 is pointing into the stack for thread: 0x000074ac1400a000
RSI=0x000074ac142b97f0 is an unknown value
RDI=0x0000000000000013 is an unknown value
R8 =0x00000000c8d53fc3 is an unknown value
R9 =0x000000000000003e is an unknown value
R10=0x000074ac0524b918 is at entry_point+88 in (nmethod*)0x000074ac0524b750
R11=0x000000000000000a is an unknown value
R12=0x000074abfc0d7ea1 is an unknown value
R13=0x000074abfc0d7ea1 is an unknown value
R14=0x000074ac142c5440 is an unknown value
R15=0x000074ac142c7c30 is an unknown value


Stack: [0x000074ac19100000,0x000074ac19200000],  sp=0x000074ac191fe180,  free space=1016k
Native frames: (J=compiled Java code, j=interpreted, Vv=VM code, C=native code)
C  [libzip.so+0x4bca]
C  [libzip.so+0x65c5]
C  [libzip.so+0x42b9]  Java_java_util_zip_ZipFile_getEntry+0x89
J 460  java.util.zip.ZipFile.getEntry(J[BZ)J (0 bytes) @ 0x000074ac0524b98e [0x000074ac0524b8c0+0xce]
J 1167 C2 net.md_5.specialsource.Jar.getResource(Ljava/lang/String;)Ljava/io/InputStream; (38 bytes) @ 0x000074ac0555fe04 [0x000074ac0555f800+0x604]
j  net.md_5.specialsource.JarRemapper.remapJar(Lnet/md_5/specialsource/Jar;Ljava/io/File;Ljava/util/Set;)V+118
j  net.md_5.specialsource.SpecialSource.main([Ljava/lang/String;)V+1302
v  ~StubRoutines::call_stub
V  [libjvm.so+0x4dff36]
V  [libjvm.so+0x565f1c]
V  [libjvm.so+0x568d50]
C  [libjli.so+0x3e0c]
C  [libc.so.6+0x9439d]
C  [libc.so.6+0x11949c]

Java frames: (J=compiled Java code, j=interpreted, Vv=VM code)
J 460  java.util.zip.ZipFile.getEntry(J[BZ)J (0 bytes) @ 0x000074ac0524b918 [0x000074ac0524b8c0+0x58]
J 1167 C2 net.md_5.specialsource.Jar.getResource(Ljava/lang/String;)Ljava/io/InputStream; (38 bytes) @ 0x000074ac0555fe04 [0x000074ac0555f800+0x604]
j  net.md_5.specialsource.JarRemapper.remapJar(Lnet/md_5/specialsource/Jar;Ljava/io/File;Ljava/util/Set;)V+118
j  net.md_5.specialsource.SpecialSource.main([Ljava/lang/String;)V+1302
v  ~StubRoutines::call_stub

---------------  P R O C E S S  ---------------

Java Threads: ( => current thread )
  0x000074ac140e6800 JavaThread "Service Thread" daemon [_thread_blocked, id=23320, stack(0x000074abfc0fc000,0x000074abfc1fc000)]
  0x000074ac140d1800 JavaThread "C1 CompilerThread3" daemon [_thread_blocked, id=23319, stack(0x000074abfc1fd000,0x000074abfc2fd000)]
  0x000074ac140cf000 JavaThread "C2 CompilerThread2" daemon [_thread_blocked, id=23318, stack(0x000074abfc2fe000,0x000074abfc3fe000)]
  0x000074ac140cd800 JavaThread "C2 CompilerThread1" daemon [_thread_blocked, id=23317, stack(0x000074abfc3ff000,0x000074abfc4ff000)]
  0x000074ac140ca800 JavaThread "C2 CompilerThread0" daemon [_thread_in_native, id=23316, stack(0x000074abfc500000,0x000074abfc600000)]
  0x000074ac140c5000 JavaThread "Signal Dispatcher" daemon [_thread_blocked, id=23315, stack(0x000074abfcc3b000,0x000074abfcd3b000)]
  0x000074ac14094800 JavaThread "Finalizer" daemon [_thread_blocked, id=23313, stack(0x000074abfcd3b000,0x000074abfce3b000)]
  0x000074ac14090000 JavaThread "Reference Handler" daemon [_thread_blocked, id=23312, stack(0x000074abfce3b000,0x000074abfcf3b000)]
=>0x000074ac1400a000 JavaThread "main" [_thread_in_native, id=23300, stack(0x000074ac19100000,0x000074ac19200000)]

Other Threads:
  0x000074ac14086000 VMThread [stack: 0x000074abfcf3c000,0x000074abfd03c000] [id=23311]
  0x000074ac140e9000 WatcherThread [stack: 0x000074abf7f00000,0x000074abf8000000] [id=23321]

VM state:not at safepoint (normal execution)

VM Mutex/Monitor currently owned by a thread: None

heap address: 0x00000006c8000000, size: 3968 MB, Compressed Oops mode: Zero based, Oop shift amount: 3
Narrow klass base: 0x0000000000000000, Narrow klass shift: 3
Compressed class space size: 1073741824 Address: 0x00000007c0000000

Heap:
 PSYoungGen      total 557568K, used 122101K [0x000000076d580000, 0x0000000792880000, 0x00000007c0000000)
  eden space 512000K, 17% used [0x000000076d580000,0x0000000772f7f170,0x000000078c980000)
  from space 45568K, 65% used [0x000000078fc00000,0x000000079193e618,0x0000000792880000)
  to   space 48640K, 0% used [0x000000078c980000,0x000000078c980000,0x000000078f900000)
 ParOldGen       total 169472K, used 102611K [0x00000006c8000000, 0x00000006d2580000, 0x000000076d580000)
  object space 169472K, 60% used [0x00000006c8000000,0x00000006ce434d28,0x00000006d2580000)
 Metaspace       used 6039K, capacity 6174K, committed 6400K, reserved 1056768K
  class space    used 608K, capacity 658K, committed 768K, reserved 1048576K

Card table byte_map: [0x000074ac18400000,0x000074ac18bc1000] byte_map_base: 0x000074ac14dc0000

Marking Bits: (ParMarkBitMap*) 0x000074ac19e70000
 Begin Bits: [0x000074abd4600000, 0x000074abd8400000)
 End Bits:   [0x000074abd8400000, 0x000074abdc200000)

Polling page: 0x000074ac1a213000

CodeCache: size=245760Kb used=7409Kb max_used=7413Kb free=238351Kb
 bounds [0x000074ac05000000, 0x000074ac05750000, 0x000074ac14000000]
 total_blobs=1747 nmethods=1434 adapters=226
 compilation: enabled

Compilation events (10 events):
Event: 3,688 Thread 0x000074ac140d1800 nmethod 1458 0x000074ac0573dc90 code [0x000074ac0573de60, 0x000074ac0573e6e8]
Event: 3,703 Thread 0x000074ac140cd800 1459       4       java.util.LinkedHashMap::keySet (25 bytes)
Event: 3,704 Thread 0x000074ac140d1800 1460       3       org.objectweb.asm.signature.SignatureWriter::visitBaseType (10 bytes)
Event: 3,704 Thread 0x000074ac140d1800 nmethod 1460 0x000074ac05740250 code [0x000074ac05740400, 0x000074ac05740a78]
Event: 3,704 Thread 0x000074ac140cd800 nmethod 1459 0x000074ac056f6650 code [0x000074ac056f67a0, 0x000074ac056f6898]
Event: 3,717 Thread 0x000074ac140ca800 1461       4       org.objectweb.asm.tree.ClassNode::accept (723 bytes)
Event: 3,719 Thread 0x000074ac140d1800 1462       3       org.objectweb.asm.commons.SignatureRemapper::visitReturnType (10 bytes)
Event: 3,719 Thread 0x000074ac140d1800 nmethod 1462 0x000074ac057232d0 code [0x000074ac05723440, 0x000074ac05723668]
Event: 3,721 Thread 0x000074ac140d1800 1463       3       org.objectweb.asm.signature.SignatureWriter::visitReturnType (33 bytes)
Event: 3,722 Thread 0x000074ac140d1800 nmethod 1463 0x000074ac057423d0 code [0x000074ac05742600, 0x000074ac05743368]

GC Heap History (10 events):
Event: 0,662 GC heap before
{Heap before GC invocations=2 (full 0):
 PSYoungGen      total 74240K, used 74218K [0x000000076d580000, 0x0000000776680000, 0x00000007c0000000)
  eden space 64000K, 100% used [0x000000076d580000,0x0000000771400000,0x0000000771400000)
  from space 10240K, 99% used [0x0000000771400000,0x0000000771dfaaf8,0x0000000771e00000)
  to   space 10240K, 0% used [0x0000000775c80000,0x0000000775c80000,0x0000000776680000)
 ParOldGen       total 169472K, used 1745K [0x00000006c8000000, 0x00000006d2580000, 0x000000076d580000)
  object space 169472K, 1% used [0x00000006c8000000,0x00000006c81b4488,0x00000006d2580000)
 Metaspace       used 5892K, capacity 6046K, committed 6400K, reserved 1056768K
  class space    used 608K, capacity 658K, committed 768K, reserved 1048576K
Event: 0,683 GC heap after
Heap after GC invocations=2 (full 0):
 PSYoungGen      total 138240K, used 10211K [0x000000076d580000, 0x0000000776680000, 0x00000007c0000000)
  eden space 128000K, 0% used [0x000000076d580000,0x000000076d580000,0x0000000775280000)
  from space 10240K, 99% used [0x0000000775c80000,0x0000000776678eb8,0x0000000776680000)
  to   space 10240K, 0% used [0x0000000775280000,0x0000000775280000,0x0000000775c80000)
 ParOldGen       total 169472K, used 21875K [0x00000006c8000000, 0x00000006d2580000, 0x000000076d580000)
  object space 169472K, 12% used [0x00000006c8000000,0x00000006c955cc50,0x00000006d2580000)
 Metaspace       used 5892K, capacity 6046K, committed 6400K, reserved 1056768K
  class space    used 608K, capacity 658K, committed 768K, reserved 1048576K
}
Event: 1,086 GC heap before
{Heap before GC invocations=3 (full 0):
 PSYoungGen      total 138240K, used 138211K [0x000000076d580000, 0x0000000776680000, 0x00000007c0000000)
  eden space 128000K, 100% used [0x000000076d580000,0x0000000775280000,0x0000000775280000)
  from space 10240K, 99% used [0x0000000775c80000,0x0000000776678eb8,0x0000000776680000)
  to   space 10240K, 0% used [0x0000000775280000,0x0000000775280000,0x0000000775c80000)
 ParOldGen       total 169472K, used 21875K [0x00000006c8000000, 0x00000006d2580000, 0x000000076d580000)
  object space 169472K, 12% used [0x00000006c8000000,0x00000006c955cc50,0x00000006d2580000)
 Metaspace       used 5954K, capacity 6110K, committed 6400K, reserved 1056768K
  class space    used 608K, capacity 658K, committed 768K, reserved 1048576K
Event: 1,114 GC heap after
Heap after GC invocations=3 (full 0):
 PSYoungGen      total 138240K, used 10224K [0x000000076d580000, 0x000000077e380000, 0x00000007c0000000)
  eden space 128000K, 0% used [0x000000076d580000,0x000000076d580000,0x0000000775280000)
  from space 10240K, 99% used [0x0000000775280000,0x0000000775c7c010,0x0000000775c80000)
  to   space 10240K, 0% used [0x000000077d980000,0x000000077d980000,0x000000077e380000)
 ParOldGen       total 169472K, used 50676K [0x00000006c8000000, 0x00000006d2580000, 0x000000076d580000)
  object space 169472K, 29% used [0x00000006c8000000,0x00000006cb17d398,0x00000006d2580000)
 Metaspace       used 5954K, capacity 6110K, committed 6400K, reserved 1056768K
  class space    used 608K, capacity 658K, committed 768K, reserved 1048576K
}
Event: 1,491 GC heap before
{Heap before GC invocations=4 (full 0):
 PSYoungGen      total 138240K, used 138224K [0x000000076d580000, 0x000000077e380000, 0x00000007c0000000)
  eden space 128000K, 100% used [0x000000076d580000,0x0000000775280000,0x0000000775280000)
  from space 10240K, 99% used [0x0000000775280000,0x0000000775c7c010,0x0000000775c80000)
  to   space 10240K, 0% used [0x000000077d980000,0x000000077d980000,0x000000077e380000)
 ParOldGen       total 169472K, used 50676K [0x00000006c8000000, 0x00000006d2580000, 0x000000076d580000)
  object space 169472K, 29% used [0x00000006c8000000,0x00000006cb17d398,0x00000006d2580000)
 Metaspace       used 5985K, capacity 6110K, committed 6400K, reserved 1056768K
  class space    used 608K, capacity 658K, committed 768K, reserved 1048576K
Event: 1,531 GC heap after
Heap after GC invocations=4 (full 0):
 PSYoungGen      total 266240K, used 10208K [0x000000076d580000, 0x000000077e380000, 0x00000007c0000000)
  eden space 256000K, 0% used [0x000000076d580000,0x000000076d580000,0x000000077cf80000)
  from space 10240K, 99% used [0x000000077d980000,0x000000077e378020,0x000000077e380000)
  to   space 10240K, 0% used [0x000000077cf80000,0x000000077cf80000,0x000000077d980000)
 ParOldGen       total 169472K, used 72049K [0x00000006c8000000, 0x00000006d2580000, 0x000000076d580000)
  object space 169472K, 42% used [0x00000006c8000000,0x00000006cc65c7f8,0x00000006d2580000)
 Metaspace       used 5985K, capacity 6110K, committed 6400K, reserved 1056768K
  class space    used 608K, capacity 658K, committed 768K, reserved 1048576K
}
Event: 2,432 GC heap before
{Heap before GC invocations=5 (full 0):
 PSYoungGen      total 266240K, used 266208K [0x000000076d580000, 0x000000077e380000, 0x00000007c0000000)
  eden space 256000K, 100% used [0x000000076d580000,0x000000077cf80000,0x000000077cf80000)
  from space 10240K, 99% used [0x000000077d980000,0x000000077e378020,0x000000077e380000)
  to   space 10240K, 0% used [0x000000077cf80000,0x000000077cf80000,0x000000077d980000)
 ParOldGen       total 169472K, used 72049K [0x00000006c8000000, 0x00000006d2580000, 0x000000076d580000)
  object space 169472K, 42% used [0x00000006c8000000,0x00000006cc65c7f8,0x00000006d2580000)
 Metaspace       used 6032K, capacity 6174K, committed 6400K, reserved 1056768K
  class space    used 608K, capacity 658K, committed 768K, reserved 1048576K
Event: 2,474 GC heap after
Heap after GC invocations=5 (full 0):
 PSYoungGen      total 266240K, used 10224K [0x000000076d580000, 0x0000000792e80000, 0x00000007c0000000)
  eden space 256000K, 0% used [0x000000076d580000,0x000000076d580000,0x000000077cf80000)
  from space 10240K, 99% used [0x000000077cf80000,0x000000077d97c010,0x000000077d980000)
  to   space 51712K, 0% used [0x000000078fc00000,0x000000078fc00000,0x0000000792e80000)
 ParOldGen       total 169472K, used 102611K [0x00000006c8000000, 0x00000006d2580000, 0x000000076d580000)
  object space 169472K, 60% used [0x00000006c8000000,0x00000006ce434d28,0x00000006d2580000)
 Metaspace       used 6032K, capacity 6174K, committed 6400K, reserved 1056768K
  class space    used 608K, capacity 658K, committed 768K, reserved 1048576K
}
Event: 3,466 GC heap before
{Heap before GC invocations=6 (full 0):
 PSYoungGen      total 266240K, used 266224K [0x000000076d580000, 0x0000000792e80000, 0x00000007c0000000)
  eden space 256000K, 100% used [0x000000076d580000,0x000000077cf80000,0x000000077cf80000)
  from space 10240K, 99% used [0x000000077cf80000,0x000000077d97c010,0x000000077d980000)
  to   space 51712K, 0% used [0x000000078fc00000,0x000000078fc00000,0x0000000792e80000)
 ParOldGen       total 169472K, used 102611K [0x00000006c8000000, 0x00000006d2580000, 0x000000076d580000)
  object space 169472K, 60% used [0x00000006c8000000,0x00000006ce434d28,0x00000006d2580000)
 Metaspace       used 6035K, capacity 6174K, committed 6400K, reserved 1056768K
  class space    used 608K, capacity 658K, committed 768K, reserved 1048576K
Event: 3,490 GC heap after
Heap after GC invocations=6 (full 0):
 PSYoungGen      total 557568K, used 29945K [0x000000076d580000, 0x0000000792880000, 0x00000007c0000000)
  eden space 512000K, 0% used [0x000000076d580000,0x000000076d580000,0x000000078c980000)
  from space 45568K, 65% used [0x000000078fc00000,0x000000079193e618,0x0000000792880000)
  to   space 48640K, 0% used [0x000000078c980000,0x000000078c980000,0x000000078f900000)
 ParOldGen       total 169472K, used 102611K [0x00000006c8000000, 0x00000006d2580000, 0x000000076d580000)
  object space 169472K, 60% used [0x00000006c8000000,0x00000006ce434d28,0x00000006d2580000)
 Metaspace       used 6035K, capacity 6174K, committed 6400K, reserved 1056768K
  class space    used 608K, capacity 658K, committed 768K, reserved 1048576K
}

Deoptimization events (10 events):
Event: 2,503 Thread 0x000074ac1400a000 Uncommon trap: reason=class_check action=maybe_recompile pc=0x000074ac0543ceec method=org.objectweb.asm.ClassReader.readCode(Lorg/objectweb/asm/MethodVisitor;Lorg/objectweb/asm/Context;I)V @ 3876
Event: 2,523 Thread 0x000074ac1400a000 Uncommon trap: reason=bimorphic action=maybe_recompile pc=0x000074ac0542c96c method=com.google.common.cache.LocalCache.connectAccessOrder(Lcom/google/common/cache/ReferenceEntry;Lcom/google/common/cache/ReferenceEntry;)V @ 2
Event: 2,694 Thread 0x000074ac1400a000 Uncommon trap: reason=unstable_if action=reinterpret pc=0x000074ac0560b600 method=org.objectweb.asm.signature.SignatureReader.parseType(Ljava/lang/String;ILorg/objectweb/asm/signature/SignatureVisitor;)I @ 198
Event: 2,893 Thread 0x000074ac1400a000 Uncommon trap: reason=unstable_if action=reinterpret pc=0x000074ac054a8778 method=org.objectweb.asm.MethodWriter.visitFieldInsn(ILjava/lang/String;Ljava/lang/String;Ljava/lang/String;)V @ 135
Event: 2,893 Thread 0x000074ac1400a000 Uncommon trap: reason=unstable_if action=reinterpret pc=0x000074ac054b0564 method=org.objectweb.asm.MethodWriter.visitFieldInsn(ILjava/lang/String;Ljava/lang/String;Ljava/lang/String;)V @ 164
Event: 3,013 Thread 0x000074ac1400a000 Uncommon trap: reason=unstable_if action=reinterpret pc=0x000074ac055c8b4c method=com.google.common.cache.LocalCache$Segment.getEntry(Ljava/lang/Object;I)Lcom/google/common/cache/ReferenceEntry; @ 56
Event: 3,138 Thread 0x000074ac1400a000 Uncommon trap: reason=predicate action=maybe_recompile pc=0x000074ac054c6208 method=org.objectweb.asm.ClassReader.accept(Lorg/objectweb/asm/ClassVisitor;[Lorg/objectweb/asm/Attribute;I)V @ 912
Event: 3,163 Thread 0x000074ac1400a000 Uncommon trap: reason=class_check action=maybe_recompile pc=0x000074ac056981b0 method=org.objectweb.asm.ClassReader.readCode(Lorg/objectweb/asm/MethodVisitor;Lorg/objectweb/asm/Context;I)V @ 3607
Event: 3,581 Thread 0x000074ac1400a000 Uncommon trap: reason=unstable_if action=reinterpret pc=0x000074ac0518996c method=java.lang.String.startsWith(Ljava/lang/String;I)Z @ 25
Event: 3,595 Thread 0x000074ac1400a000 Uncommon trap: reason=unstable_if action=reinterpret pc=0x000074ac05183f54 method=java.lang.String.startsWith(Ljava/lang/String;I)Z @ 25

Classes redefined (0 events):
No events

Internal exceptions (6 events):
Event: 0,020 Thread 0x000074ac1400a000 Exception <a 'java/lang/NoSuchMethodError': Method sun.misc.Unsafe.defineClass(Ljava/lang/String;[BII)Ljava/lang/Class; name or signature does not match> (0x000000076d587cd8) thrown at [/usr/src/debug/java8-openjdk/jdk8u-jdk8u422-b05/hotspot/src/share/vm/
Event: 0,020 Thread 0x000074ac1400a000 Exception <a 'java/lang/NoSuchMethodError': Method sun.misc.Unsafe.prefetchRead(Ljava/lang/Object;J)V name or signature does not match> (0x000000076d587fc0) thrown at [/usr/src/debug/java8-openjdk/jdk8u-jdk8u422-b05/hotspot/src/share/vm/prims/jni.cpp, lin
Event: 0,151 Thread 0x000074ac1400a000 Exception <a 'java/security/PrivilegedActionException'> (0x000000076dc7ff78) thrown at [/usr/src/debug/java8-openjdk/jdk8u-jdk8u422-b05/hotspot/src/share/vm/prims/jvm.cpp, line 1512]
Event: 0,151 Thread 0x000074ac1400a000 Exception <a 'java/security/PrivilegedActionException'> (0x000000076dc80370) thrown at [/usr/src/debug/java8-openjdk/jdk8u-jdk8u422-b05/hotspot/src/share/vm/prims/jvm.cpp, line 1512]
Event: 0,151 Thread 0x000074ac1400a000 Exception <a 'java/security/PrivilegedActionException'> (0x000000076dc82a18) thrown at [/usr/src/debug/java8-openjdk/jdk8u-jdk8u422-b05/hotspot/src/share/vm/prims/jvm.cpp, line 1512]
Event: 0,151 Thread 0x000074ac1400a000 Exception <a 'java/security/PrivilegedActionException'> (0x000000076dc82e10) thrown at [/usr/src/debug/java8-openjdk/jdk8u-jdk8u422-b05/hotspot/src/share/vm/prims/jvm.cpp, line 1512]

Events (10 events):
Event: 3,195 Thread 0x000074ac1400a000 DEOPT PACKING pc=0x000074ac0522fd6c sp=0x000074ac191fe270
Event: 3,195 Thread 0x000074ac1400a000 DEOPT UNPACKING pc=0x000074ac050474c4 sp=0x000074ac191fdf68 mode 0
Event: 3,466 Executing VM operation: ParallelGCFailedAllocation
Event: 3,490 Executing VM operation: ParallelGCFailedAllocation done
Event: 3,581 Thread 0x000074ac1400a000 Uncommon trap: trap_request=0xffffff65 fr.pc=0x000074ac0518996c
Event: 3,581 Thread 0x000074ac1400a000 DEOPT PACKING pc=0x000074ac0518996c sp=0x000074ac191fe7a0
Event: 3,581 Thread 0x000074ac1400a000 DEOPT UNPACKING pc=0x000074ac0504547a sp=0x000074ac191fe6e8 mode 2
Event: 3,595 Thread 0x000074ac1400a000 Uncommon trap: trap_request=0xffffff65 fr.pc=0x000074ac05183f54
Event: 3,595 Thread 0x000074ac1400a000 DEOPT PACKING pc=0x000074ac05183f54 sp=0x000074ac191fe760
Event: 3,595 Thread 0x000074ac1400a000 DEOPT UNPACKING pc=0x000074ac0504547a sp=0x000074ac191fe6f8 mode 2


Dynamic libraries:
6c8000000-6d2580000 rw-p 00000000 00:00 0 
6d2580000-76d580000 ---p 00000000 00:00 0 
76d580000-792880000 rw-p 00000000 00:00 0 
792880000-7c0000000 ---p 00000000 00:00 0 
7c0000000-7c00c0000 rw-p 00000000 00:00 0 
7c00c0000-800000000 ---p 00000000 00:00 0 
5bb8113bb000-5bb8113bc000 r--p 00000000 103:07 6971797                   /usr/lib/jvm/java-8-openjdk/jre/bin/java
5bb8113bc000-5bb8113bd000 r-xp 00001000 103:07 6971797                   /usr/lib/jvm/java-8-openjdk/jre/bin/java
5bb8113bd000-5bb8113be000 r--p 00002000 103:07 6971797                   /usr/lib/jvm/java-8-openjdk/jre/bin/java
5bb8113be000-5bb8113bf000 r--p 00002000 103:07 6971797                   /usr/lib/jvm/java-8-openjdk/jre/bin/java
5bb8113bf000-5bb8113c0000 rw-p 00003000 103:07 6971797                   /usr/lib/jvm/java-8-openjdk/jre/bin/java
5bb82203e000-5bb82205f000 rw-p 00000000 00:00 0                          [heap]
74ab74000000-74ab74021000 rw-p 00000000 00:00 0 
74ab74021000-74ab78000000 ---p 00000000 00:00 0 
74ab7c000000-74ab7c021000 rw-p 00000000 00:00 0 
74ab7c021000-74ab80000000 ---p 00000000 00:00 0 
74ab80000000-74ab80aba000 rw-p 00000000 00:00 0 
74ab80aba000-74ab84000000 ---p 00000000 00:00 0 
74ab88000000-74ab89e16000 rw-p 00000000 00:00 0 
74ab89e16000-74ab8c000000 ---p 00000000 00:00 0 
74ab8c000000-74ab8d8a7000 rw-p 00000000 00:00 0 
74ab8d8a7000-74ab90000000 ---p 00000000 00:00 0 
74ab94000000-74ab95723000 rw-p 00000000 00:00 0 
74ab95723000-74ab98000000 ---p 00000000 00:00 0 
74ab98000000-74ab98021000 rw-p 00000000 00:00 0 
74ab98021000-74ab9c000000 ---p 00000000 00:00 0 
74aba0000000-74aba0021000 rw-p 00000000 00:00 0 
74aba0021000-74aba4000000 ---p 00000000 00:00 0 
74aba4000000-74aba4021000 rw-p 00000000 00:00 0 
74aba4021000-74aba8000000 ---p 00000000 00:00 0 
74abac000000-74abac021000 rw-p 00000000 00:00 0 
74abac021000-74abb0000000 ---p 00000000 00:00 0 
74abb0000000-74abb0021000 rw-p 00000000 00:00 0 
74abb0021000-74abb4000000 ---p 00000000 00:00 0 
74abb8000000-74abb8021000 rw-p 00000000 00:00 0 
74abb8021000-74abbc000000 ---p 00000000 00:00 0 
74abc0000000-74abc0021000 rw-p 00000000 00:00 0 
74abc0021000-74abc4000000 ---p 00000000 00:00 0 
74abc8000000-74abc8021000 rw-p 00000000 00:00 0 
74abc8021000-74abcc000000 ---p 00000000 00:00 0 
74abd0000000-74abd0021000 rw-p 00000000 00:00 0 
74abd0021000-74abd4000000 ---p 00000000 00:00 0 
74abd4600000-74abdc200000 rw-p 00000000 00:00 0 
74abe0000000-74abe0021000 rw-p 00000000 00:00 0 
74abe0021000-74abe4000000 ---p 00000000 00:00 0 
74abe8000000-74abe8021000 rw-p 00000000 00:00 0 
74abe8021000-74abec000000 ---p 00000000 00:00 0 
74abf0000000-74abf0021000 rw-p 00000000 00:00 0 
74abf0021000-74abf4000000 ---p 00000000 00:00 0 
74abf7eff000-74abf7f00000 ---p 00000000 00:00 0 
74abf7f00000-74abf8000000 rw-p 00000000 00:00 0 
74abf8000000-74abf8021000 rw-p 00000000 00:00 0 
74abf8021000-74abfc000000 ---p 00000000 00:00 0 
74abfc0a1000-74abfc0fc000 r--s 0075e000 103:07 3293318                   /home/user/.gradle/caches/forge_gradle/minecraft_user_repo/net/minecraftforge/forge/1.12.2-14.23.5.2860/forge-1.12.2-14.23.5.2860-obf.jar
74abfc0fc000-74abfc0ff000 ---p 00000000 00:00 0 
74abfc0ff000-74abfc1fc000 rw-p 00000000 00:00 0 
74abfc1fc000-74abfc1fd000 ---p 00000000 00:00 0 
74abfc1fd000-74abfc200000 ---p 00000000 00:00 0 
74abfc200000-74abfc2fd000 rw-p 00000000 00:00 0 
74abfc2fd000-74abfc2fe000 ---p 00000000 00:00 0 
74abfc2fe000-74abfc301000 ---p 00000000 00:00 0 
74abfc301000-74abfc3fe000 rw-p 00000000 00:00 0 
74abfc3fe000-74abfc3ff000 ---p 00000000 00:00 0 
74abfc3ff000-74abfc402000 ---p 00000000 00:00 0 
74abfc402000-74abfc4ff000 rw-p 00000000 00:00 0 
74abfc4ff000-74abfc500000 ---p 00000000 00:00 0 
74abfc500000-74abfc503000 ---p 00000000 00:00 0 
74abfc503000-74abfc600000 rw-p 00000000 00:00 0 
74abfc600000-74abfcbb2000 r--p 00000000 103:07 6341812                   /usr/lib/locale/locale-archive
74abfcbe4000-74abfcc15000 rw-p 00000000 00:00 0 
74abfcc15000-74abfcc3b000 r--s 001f4000 103:07 3290390                   /home/user/.gradle/caches/forge_gradle/maven_downloader/net/md-5/SpecialSource/1.11.2/SpecialSource-1.11.2-shaded.jar
74abfcc3b000-74abfcc3e000 ---p 00000000 00:00 0 
74abfcc3e000-74abfcd3b000 rw-p 00000000 00:00 0 
74abfcd3b000-74abfcd3e000 ---p 00000000 00:00 0 
74abfcd3e000-74abfce3b000 rw-p 00000000 00:00 0 
74abfce3b000-74abfce3e000 ---p 00000000 00:00 0 
74abfce3e000-74abfcf3b000 rw-p 00000000 00:00 0 
74abfcf3b000-74abfcf3c000 ---p 00000000 00:00 0 
74abfcf3c000-74abfd03c000 rw-p 00000000 00:00 0 
74abfd03c000-74abff580000 rw-p 00000000 00:00 0 
74abff580000-74abff800000 ---p 00000000 00:00 0 
74abff800000-74abfffc0000 rw-p 00000000 00:00 0 
74abfffdf000-74ac00021000 rw-p 00000000 00:00 0 
74ac00021000-74ac04000000 ---p 00000000 00:00 0 
74ac04005000-74ac04228000 rw-p 00000000 00:00 0 
74ac04228000-74ac043fa000 r--s 03ccc000 103:07 6989172                   /usr/lib/jvm/java-8-openjdk/jre/lib/rt.jar
74ac043fa000-74ac043fb000 ---p 00000000 00:00 0 
74ac043fb000-74ac044fb000 rw-p 00000000 00:00 0 
74ac044fb000-74ac044fc000 ---p 00000000 00:00 0 
74ac044fc000-74ac045fc000 rw-p 00000000 00:00 0 
74ac045fc000-74ac045fd000 ---p 00000000 00:00 0 
74ac045fd000-74ac046fd000 rw-p 00000000 00:00 0 
74ac046fd000-74ac046fe000 ---p 00000000 00:00 0 
74ac046fe000-74ac047fe000 rw-p 00000000 00:00 0 
74ac047fe000-74ac047ff000 ---p 00000000 00:00 0 
74ac047ff000-74ac048ff000 rw-p 00000000 00:00 0 
74ac048ff000-74ac04900000 ---p 00000000 00:00 0 
74ac04900000-74ac04a00000 rw-p 00000000 00:00 0 
74ac04a00000-74ac04a53000 rw-p 00000000 00:00 0 
74ac04a53000-74ac04f2b000 ---p 00000000 00:00 0 
74ac04f2c000-74ac04f48000 r--s 00394000 103:07 6989130                   /usr/lib/jvm/java-8-openjdk/jre/lib/ext/cldrdata.jar
74ac04f48000-74ac05000000 rw-p 00000000 00:00 0 
74ac05000000-74ac05750000 rwxp 00000000 00:00 0 
74ac05750000-74ac14000000 ---p 00000000 00:00 0 
74ac14000000-74ac1433c000 rw-p 00000000 00:00 0 
74ac1433c000-74ac18000000 ---p 00000000 00:00 0 
74ac18006000-74ac180fd000 rw-p 00000000 00:00 0 
74ac180fd000-74ac180fe000 ---p 00000000 00:00 0 
74ac180fe000-74ac181fe000 rw-p 00000000 00:00 0 
74ac181fe000-74ac181ff000 ---p 00000000 00:00 0 
74ac181ff000-74ac182ff000 rw-p 00000000 00:00 0 
74ac182ff000-74ac18300000 ---p 00000000 00:00 0 
74ac18300000-74ac18400000 rw-p 00000000 00:00 0 
74ac18400000-74ac18453000 rw-p 00000000 00:00 0 
74ac18453000-74ac1892a000 ---p 00000000 00:00 0 
74ac1892a000-74ac18a55000 rw-p 00000000 00:00 0 
74ac18a55000-74ac18bc0000 ---p 00000000 00:00 0 
74ac18bc0000-74ac18bc1000 rw-p 00000000 00:00 0 
74ac18bc4000-74ac18bc9000 r--p 00000000 103:07 6989102                   /usr/lib/jvm/java-8-openjdk/jre/lib/amd64/libnet.so
74ac18bc9000-74ac18bd9000 r-xp 00005000 103:07 6989102                   /usr/lib/jvm/java-8-openjdk/jre/lib/amd64/libnet.so
74ac18bd9000-74ac18bdd000 r--p 00015000 103:07 6989102                   /usr/lib/jvm/java-8-openjdk/jre/lib/amd64/libnet.so
74ac18bdd000-74ac18bde000 r--p 00018000 103:07 6989102                   /usr/lib/jvm/java-8-openjdk/jre/lib/amd64/libnet.so
74ac18bde000-74ac18bdf000 rw-p 00019000 103:07 6989102                   /usr/lib/jvm/java-8-openjdk/jre/lib/amd64/libnet.so
74ac18bdf000-74ac18c1e000 rw-p 00000000 00:00 0 
74ac18c1e000-74ac18fc0000 ---p 00000000 00:00 0 
74ac18fc9000-74ac18fd0000 r--p 00000000 103:07 6989103                   /usr/lib/jvm/java-8-openjdk/jre/lib/amd64/libnio.so
74ac18fd0000-74ac18fd8000 r-xp 00007000 103:07 6989103                   /usr/lib/jvm/java-8-openjdk/jre/lib/amd64/libnio.so
74ac18fd8000-74ac18fdb000 r--p 0000f000 103:07 6989103                   /usr/lib/jvm/java-8-openjdk/jre/lib/amd64/libnio.so
74ac18fdb000-74ac18fdc000 r--p 00012000 103:07 6989103                   /usr/lib/jvm/java-8-openjdk/jre/lib/amd64/libnio.so
74ac18fdc000-74ac18fdd000 rw-p 00013000 103:07 6989103                   /usr/lib/jvm/java-8-openjdk/jre/lib/amd64/libnio.so
74ac18fdd000-74ac18ffe000 rw-p 00000000 00:00 0 
74ac18ffe000-74ac18fff000 ---p 00000000 00:00 0 
74ac18fff000-74ac190ff000 rw-p 00000000 00:00 0 
74ac190ff000-74ac19100000 ---p 00000000 00:00 0 
74ac19100000-74ac19103000 ---p 00000000 00:00 0 
74ac19103000-74ac19200000 rw-p 00000000 00:00 0 
74ac19200000-74ac1920f000 r--p 00000000 103:07 6989116                   /usr/lib/jvm/java-8-openjdk/jre/lib/amd64/server/libjvm.so
74ac1920f000-74ac19be5000 r-xp 0000f000 103:07 6989116                   /usr/lib/jvm/java-8-openjdk/jre/lib/amd64/server/libjvm.so
74ac19be5000-74ac19d99000 r--p 009e5000 103:07 6989116                   /usr/lib/jvm/java-8-openjdk/jre/lib/amd64/server/libjvm.so
74ac19d99000-74ac19e31000 r--p 00b98000 103:07 6989116                   /usr/lib/jvm/java-8-openjdk/jre/lib/amd64/server/libjvm.so
74ac19e31000-74ac19e5a000 rw-p 00c30000 103:07 6989116                   /usr/lib/jvm/java-8-openjdk/jre/lib/amd64/server/libjvm.so
74ac19e5a000-74ac19e8d000 rw-p 00000000 00:00 0 
74ac19e90000-74ac19e9a000 r--s 00117000 103:07 6989133                   /usr/lib/jvm/java-8-openjdk/jre/lib/ext/localedata.jar
74ac19e9a000-74ac19ec2000 rw-p 00000000 00:00 0 
74ac19ec2000-74ac19ecd000 r--p 00000000 103:07 6989090                   /usr/lib/jvm/java-8-openjdk/jre/lib/amd64/libjava.so
74ac19ecd000-74ac19ee5000 r-xp 0000b000 103:07 6989090                   /usr/lib/jvm/java-8-openjdk/jre/lib/amd64/libjava.so
74ac19ee5000-74ac19eec000 r--p 00023000 103:07 6989090                   /usr/lib/jvm/java-8-openjdk/jre/lib/amd64/libjava.so
74ac19eec000-74ac19eed000 r--p 00029000 103:07 6989090                   /usr/lib/jvm/java-8-openjdk/jre/lib/amd64/libjava.so
74ac19eed000-74ac19eee000 rw-p 0002a000 103:07 6989090                   /usr/lib/jvm/java-8-openjdk/jre/lib/amd64/libjava.so
74ac19eee000-74ac19eef000 rw-p 00000000 00:00 0 
74ac19eef000-74ac19ef0000 r--p 00000000 103:07 6307206                   /usr/lib/librt.so.1
74ac19ef0000-74ac19ef1000 r-xp 00001000 103:07 6307206                   /usr/lib/librt.so.1
74ac19ef1000-74ac19ef2000 r--p 00002000 103:07 6307206                   /usr/lib/librt.so.1
74ac19ef2000-74ac19ef3000 r--p 00002000 103:07 6307206                   /usr/lib/librt.so.1
74ac19ef3000-74ac19ef4000 rw-p 00003000 103:07 6307206                   /usr/lib/librt.so.1
74ac19ef4000-74ac19f02000 r--p 00000000 103:07 6307174                   /usr/lib/libm.so.6
74ac19f02000-74ac19f85000 r-xp 0000e000 103:07 6307174                   /usr/lib/libm.so.6
74ac19f85000-74ac19fe1000 r--p 00091000 103:07 6307174                   /usr/lib/libm.so.6
74ac19fe1000-74ac19fe2000 r--p 000ec000 103:07 6307174                   /usr/lib/libm.so.6
74ac19fe2000-74ac19fe3000 rw-p 000ed000 103:07 6307174                   /usr/lib/libm.so.6
74ac19fe3000-74ac19fe5000 rw-p 00000000 00:00 0 
74ac19fe5000-74ac19fe8000 r--p 00000000 103:07 6319111                   /usr/lib/libz.so.1.3.1
74ac19fe8000-74ac19ff6000 r-xp 00003000 103:07 6319111                   /usr/lib/libz.so.1.3.1
74ac19ff6000-74ac19ffc000 r--p 00011000 103:07 6319111                   /usr/lib/libz.so.1.3.1
74ac19ffc000-74ac19ffd000 r--p 00017000 103:07 6319111                   /usr/lib/libz.so.1.3.1
74ac19ffd000-74ac19ffe000 rw-p 00018000 103:07 6319111                   /usr/lib/libz.so.1.3.1
74ac19ffe000-74ac1a022000 r--p 00000000 103:07 6307143                   /usr/lib/libc.so.6
74ac1a022000-74ac1a193000 r-xp 00024000 103:07 6307143                   /usr/lib/libc.so.6
74ac1a193000-74ac1a1e1000 r--p 00195000 103:07 6307143                   /usr/lib/libc.so.6
74ac1a1e1000-74ac1a1e5000 r--p 001e3000 103:07 6307143                   /usr/lib/libc.so.6
74ac1a1e5000-74ac1a1e7000 rw-p 001e7000 103:07 6307143                   /usr/lib/libc.so.6
74ac1a1e7000-74ac1a1ef000 rw-p 00000000 00:00 0 
74ac1a1f8000-74ac1a1ff000 r--s 000d3000 103:07 6989152                   /usr/lib/jvm/java-8-openjdk/jre/lib/jfr.jar
74ac1a1ff000-74ac1a202000 r--p 00000000 103:07 6989113                   /usr/lib/jvm/java-8-openjdk/jre/lib/amd64/libzip.so
74ac1a202000-74ac1a206000 r-xp 00003000 103:07 6989113                   /usr/lib/jvm/java-8-openjdk/jre/lib/amd64/libzip.so
74ac1a206000-74ac1a208000 r--p 00007000 103:07 6989113                   /usr/lib/jvm/java-8-openjdk/jre/lib/amd64/libzip.so
74ac1a208000-74ac1a209000 r--p 00008000 103:07 6989113                   /usr/lib/jvm/java-8-openjdk/jre/lib/amd64/libzip.so
74ac1a209000-74ac1a20a000 rw-p 00009000 103:07 6989113                   /usr/lib/jvm/java-8-openjdk/jre/lib/amd64/libzip.so
74ac1a20a000-74ac1a212000 rw-s 00000000 00:21 1027                       /tmp/hsperfdata_user/23299
74ac1a212000-74ac1a213000 rw-p 00000000 00:00 0 
74ac1a213000-74ac1a214000 r--p 00000000 00:00 0 
74ac1a214000-74ac1a216000 r--p 00000000 103:07 6989112                   /usr/lib/jvm/java-8-openjdk/jre/lib/amd64/libverify.so
74ac1a216000-74ac1a21d000 r-xp 00002000 103:07 6989112                   /usr/lib/jvm/java-8-openjdk/jre/lib/amd64/libverify.so
74ac1a21d000-74ac1a21f000 r--p 00009000 103:07 6989112                   /usr/lib/jvm/java-8-openjdk/jre/lib/amd64/libverify.so
74ac1a21f000-74ac1a221000 r--p 0000a000 103:07 6989112                   /usr/lib/jvm/java-8-openjdk/jre/lib/amd64/libverify.so
74ac1a221000-74ac1a222000 rw-p 0000c000 103:07 6989112                   /usr/lib/jvm/java-8-openjdk/jre/lib/amd64/libverify.so
74ac1a222000-74ac1a225000 r--p 00000000 103:07 6982199                   /usr/lib/jvm/java-8-openjdk/jre/lib/amd64/jli/libjli.so
74ac1a225000-74ac1a22e000 r-xp 00003000 103:07 6982199                   /usr/lib/jvm/java-8-openjdk/jre/lib/amd64/jli/libjli.so
74ac1a22e000-74ac1a231000 r--p 0000c000 103:07 6982199                   /usr/lib/jvm/java-8-openjdk/jre/lib/amd64/jli/libjli.so
74ac1a231000-74ac1a232000 r--p 0000e000 103:07 6982199                   /usr/lib/jvm/java-8-openjdk/jre/lib/amd64/jli/libjli.so
74ac1a232000-74ac1a233000 rw-p 0000f000 103:07 6982199                   /usr/lib/jvm/java-8-openjdk/jre/lib/amd64/jli/libjli.so
74ac1a233000-74ac1a235000 rw-p 00000000 00:00 0 
74ac1a235000-74ac1a239000 r--p 00000000 00:00 0                          [vvar]
74ac1a239000-74ac1a23b000 r-xp 00000000 00:00 0                          [vdso]
74ac1a23b000-74ac1a23c000 r--p 00000000 103:07 6307119                   /usr/lib/ld-linux-x86-64.so.2
74ac1a23c000-74ac1a265000 r-xp 00001000 103:07 6307119                   /usr/lib/ld-linux-x86-64.so.2
74ac1a265000-74ac1a26f000 r--p 0002a000 103:07 6307119                   /usr/lib/ld-linux-x86-64.so.2
74ac1a26f000-74ac1a271000 r--p 00034000 103:07 6307119                   /usr/lib/ld-linux-x86-64.so.2
74ac1a271000-74ac1a273000 rw-p 00036000 103:07 6307119                   /usr/lib/ld-linux-x86-64.so.2
7ffd5d150000-7ffd5d171000 rw-p 00000000 00:00 0                          [stack]
ffffffffff600000-ffffffffff601000 --xp 00000000 00:00 0                  [vsyscall]

VM Arguments:
jvm_args: -Dfile.encoding=UTF-8 -Duser.country=UA -Duser.language=uk -Duser.variant 
java_command: net.md_5.specialsource.SpecialSource --in-jar /home/user/.gradle/caches/forge_gradle/minecraft_user_repo/net/minecraftforge/forge/1.12.2-14.23.5.2860/forge-1.12.2-14.23.5.2860-obf.jar --out-jar /home/user/.gradle/caches/forge_gradle/minecraft_user_repo/net/minecraftforge/forge/1.12.2-14.23.5.2860/forge-1.12.2-14.23.5.2860-srg.jar --srg-in /home/user/IdeaProjects/PlayerESP/build/_renameJar_3/mappings.tsrg
java_class_path (initial): /home/user/.gradle/caches/forge_gradle/maven_downloader/net/md-5/SpecialSource/1.11.2/SpecialSource-1.11.2-shaded.jar
Launcher Type: SUN_STANDARD

Environment Variables:
PATH=/usr/local/sbin:/usr/local/bin:/usr/bin:/var/lib/flatpak/exports/bin:/usr/lib/jvm/default/bin:/usr/bin/site_perl:/usr/bin/vendor_perl:/usr/bin/core_perl
SHELL=/usr/bin/zsh
DISPLAY=:0

Signal Handlers:
SIGSEGV: [libjvm.so+0x9a8930], sa_mask[0]=11111111011111111101111111111110, sa_flags=SA_RESTART|SA_SIGINFO
SIGBUS: [libjvm.so+0x9a8930], sa_mask[0]=11111111011111111101111111111110, sa_flags=SA_RESTART|SA_SIGINFO
SIGFPE: [libjvm.so+0x7d5770], sa_mask[0]=11111111011111111101111111111110, sa_flags=SA_RESTART|SA_SIGINFO
SIGPIPE: [libjvm.so+0x7d5770], sa_mask[0]=11111111011111111101111111111110, sa_flags=SA_RESTART|SA_SIGINFO
SIGXFSZ: [libjvm.so+0x7d5770], sa_mask[0]=11111111011111111101111111111110, sa_flags=SA_RESTART|SA_SIGINFO
SIGILL: [libjvm.so+0x7d5770], sa_mask[0]=11111111011111111101111111111110, sa_flags=SA_RESTART|SA_SIGINFO
SIGUSR1: SIG_DFL, sa_mask[0]=00000000000000000000000000000000, sa_flags=none
SIGUSR2: [libjvm.so+0x7d5ac0], sa_mask[0]=00100000000000000000000000000000, sa_flags=SA_RESTART|SA_SIGINFO
SIGHUP: [libjvm.so+0x7d5a10], sa_mask[0]=11111111011111111101111111111110, sa_flags=SA_RESTART|SA_SIGINFO
SIGINT: [libjvm.so+0x7d5a10], sa_mask[0]=11111111011111111101111111111110, sa_flags=SA_RESTART|SA_SIGINFO
SIGTERM: [libjvm.so+0x7d5a10], sa_mask[0]=11111111011111111101111111111110, sa_flags=SA_RESTART|SA_SIGINFO
SIGQUIT: [libjvm.so+0x7d5a10], sa_mask[0]=11111111011111111101111111111110, sa_flags=SA_RESTART|SA_SIGINFO


---------------  S Y S T E M  ---------------

OS:DISTRIB_ID="Arch"
DISTRIB_RELEASE="rolling"
DISTRIB_DESCRIPTION="Arch Linux"

uname:Linux 6.10.10-arch1-1 #1 SMP PREEMPT_DYNAMIC Thu, 12 Sep 2024 17:21:02 +0000 x86_64
libc:glibc 2.40 NPTL 2.40 
rlimit: STACK 8192k, CORE infinity, NPROC 63241, NOFILE 524288, AS infinity
load average:2,38 1,80 1,82

/proc/meminfo:
MemTotal:       16251968 kB
MemFree:          327152 kB
MemAvailable:    1565244 kB
Buffers:           18484 kB
Cached:          2182868 kB
SwapCached:            0 kB
Active:          6848792 kB
Inactive:        7900560 kB
Active(anon):    6126848 kB
Inactive(anon):  7273428 kB
Active(file):     721944 kB
Inactive(file):   627132 kB
Unevictable:      441068 kB
Mlocked:               0 kB
SwapTotal:             0 kB
SwapFree:              0 kB
Zswap:                 0 kB
Zswapped:              0 kB
Dirty:             11684 kB
Writeback:             0 kB
AnonPages:      12972308 kB
Mapped:          1310040 kB
Shmem:            852000 kB
KReclaimable:     229736 kB
Slab:             402204 kB
SReclaimable:     229736 kB
SUnreclaim:       172468 kB
KernelStack:       22608 kB
PageTables:        74440 kB
SecPageTables:      2056 kB
NFS_Unstable:          0 kB
Bounce:                0 kB
WritebackTmp:          0 kB
CommitLimit:     8125984 kB
Committed_AS:   27886936 kB
VmallocTotal:   34359738367 kB
VmallocUsed:      154560 kB
VmallocChunk:          0 kB
Percpu:             7200 kB
HardwareCorrupted:     0 kB
AnonHugePages:   5462016 kB
ShmemHugePages:        0 kB
ShmemPmdMapped:        0 kB
FileHugePages:    194560 kB
FilePmdMapped:    194560 kB
CmaTotal:              0 kB
CmaFree:               0 kB
Unaccepted:            0 kB
HugePages_Total:       0
HugePages_Free:        0
HugePages_Rsvd:        0
HugePages_Surp:        0
Hugepagesize:       2048 kB
Hugetlb:               0 kB
DirectMap4k:      577148 kB
DirectMap2M:     9785344 kB
DirectMap1G:     6291456 kB

container (cgroup) information:
container_type: cgroupv2
cpu_cpuset_cpus: failed
cpu_memory_nodes: failed
active_processor_count: 12
cpu_quota: -2
cpu_period: -2
cpu_shares: -2
memory_limit_in_bytes: -1
memory_and_swap_limit_in_bytes: -1
memory_soft_limit_in_bytes: 0
memory_usage_in_bytes: 10509709312
memory_max_usage_in_bytes: -2


CPU:total 12 (initial active 12) (6 cores per cpu, 2 threads per core) family 6 model 158 stepping 10, cmov, cx8, fxsr, mmx, sse, sse2, sse3, ssse3, sse4.1, sse4.2, popcnt, avx, avx2, aes, clmul, erms, 3dnowpref, lzcnt, ht, tsc, tscinvbit, bmi1, bmi2, adx

/proc/cpuinfo:
processor	: 0
vendor_id	: GenuineIntel
cpu family	: 6
model		: 158
model name	: Intel(R) Core(TM) i7-9750H CPU @ 2.60GHz
stepping	: 10
microcode	: 0xb4
cpu MHz		: 2599.983
cache size	: 12288 KB
physical id	: 0
siblings	: 12
core id		: 0
cpu cores	: 6
apicid		: 0
initial apicid	: 0
fpu		: yes
fpu_exception	: yes
cpuid level	: 22
wp		: yes
flags		: fpu vme de pse tsc msr pae mce cx8 apic sep mtrr pge mca cmov pat pse36 clflush dts acpi mmx fxsr sse sse2 ss ht tm pbe syscall nx pdpe1gb rdtscp lm constant_tsc art arch_perfmon pebs bts rep_good nopl xtopology nonstop_tsc cpuid aperfmperf pni pclmulqdq dtes64 monitor ds_cpl vmx est tm2 ssse3 sdbg fma cx16 xtpr pdcm pcid sse4_1 sse4_2 x2apic movbe popcnt tsc_deadline_timer aes xsave avx f16c rdrand lahf_lm abm 3dnowprefetch cpuid_fault epb pti ssbd ibrs ibpb stibp tpr_shadow flexpriority ept vpid ept_ad fsgsbase tsc_adjust bmi1 avx2 smep bmi2 erms invpcid mpx rdseed adx smap clflushopt intel_pt xsaveopt xsavec xgetbv1 xsaves dtherm ida arat pln pts hwp hwp_notify hwp_act_window hwp_epp vnmi md_clear flush_l1d
vmx flags	: vnmi preemption_timer invvpid ept_x_only ept_ad ept_1gb flexpriority tsc_offset vtpr mtf vapic ept vpid unrestricted_guest ple pml ept_violation_ve ept_mode_based_exec
bugs		: cpu_meltdown spectre_v1 spectre_v2 spec_store_bypass l1tf mds swapgs itlb_multihit srbds mmio_stale_data retbleed gds
bogomips	: 5202.65
clflush size	: 64
cache_alignment	: 64
address sizes	: 39 bits physical, 48 bits virtual
power management:

processor	: 1
vendor_id	: GenuineIntel
cpu family	: 6
model		: 158
model name	: Intel(R) Core(TM) i7-9750H CPU @ 2.60GHz
stepping	: 10
microcode	: 0xb4
cpu MHz		: 2600.061
cache size	: 12288 KB
physical id	: 0
siblings	: 12
core id		: 1
cpu cores	: 6
apicid		: 2
initial apicid	: 2
fpu		: yes
fpu_exception	: yes
cpuid level	: 22
wp		: yes
flags		: fpu vme de pse tsc msr pae mce cx8 apic sep mtrr pge mca cmov pat pse36 clflush dts acpi mmx fxsr sse sse2 ss ht tm pbe syscall nx pdpe1gb rdtscp lm constant_tsc art arch_perfmon pebs bts rep_good nopl xtopology nonstop_tsc cpuid aperfmperf pni pclmulqdq dtes64 monitor ds_cpl vmx est tm2 ssse3 sdbg fma cx16 xtpr pdcm pcid sse4_1 sse4_2 x2apic movbe popcnt tsc_deadline_timer aes xsave avx f16c rdrand lahf_lm abm 3dnowprefetch cpuid_fault epb pti ssbd ibrs ibpb stibp tpr_shadow flexpriority ept vpid ept_ad fsgsbase tsc_adjust bmi1 avx2 smep bmi2 erms invpcid mpx rdseed adx smap clflushopt intel_pt xsaveopt xsavec xgetbv1 xsaves dtherm ida arat pln pts hwp hwp_notify hwp_act_window hwp_epp vnmi md_clear flush_l1d
vmx flags	: vnmi preemption_timer invvpid ept_x_only ept_ad ept_1gb flexpriority tsc_offset vtpr mtf vapic ept vpid unrestricted_guest ple pml ept_violation_ve ept_mode_based_exec
bugs		: cpu_meltdown spectre_v1 spectre_v2 spec_store_bypass l1tf mds swapgs itlb_multihit srbds mmio_stale_data retbleed gds
bogomips	: 5202.65
clflush size	: 64
cache_alignment	: 64
address sizes	: 39 bits physical, 48 bits virtual
power management:

processor	: 2
vendor_id	: GenuineIntel
cpu family	: 6
model		: 158
model name	: Intel(R) Core(TM) i7-9750H CPU @ 2.60GHz
stepping	: 10
microcode	: 0xb4
cpu MHz		: 2600.003
cache size	: 12288 KB
physical id	: 0
siblings	: 12
core id		: 2
cpu cores	: 6
apicid		: 4
initial apicid	: 4
fpu		: yes
fpu_exception	: yes
cpuid level	: 22
wp		: yes
flags		: fpu vme de pse tsc msr pae mce cx8 apic sep mtrr pge mca cmov pat pse36 clflush dts acpi mmx fxsr sse sse2 ss ht tm pbe syscall nx pdpe1gb rdtscp lm constant_tsc art arch_perfmon pebs bts rep_good nopl xtopology nonstop_tsc cpuid aperfmperf pni pclmulqdq dtes64 monitor ds_cpl vmx est tm2 ssse3 sdbg fma cx16 xtpr pdcm pcid sse4_1 sse4_2 x2apic movbe popcnt tsc_deadline_timer aes xsave avx f16c rdrand lahf_lm abm 3dnowprefetch cpuid_fault epb pti ssbd ibrs ibpb stibp tpr_shadow flexpriority ept vpid ept_ad fsgsbase tsc_adjust bmi1 avx2 smep bmi2 erms invpcid mpx rdseed adx smap clflushopt intel_pt xsaveopt xsavec xgetbv1 xsaves dtherm ida arat pln pts hwp hwp_notify hwp_act_window hwp_epp vnmi md_clear flush_l1d
vmx flags	: vnmi preemption_timer invvpid ept_x_only ept_ad ept_1gb flexpriority tsc_offset vtpr mtf vapic ept vpid unrestricted_guest ple pml ept_violation_ve ept_mode_based_exec
bugs		: cpu_meltdown spectre_v1 spectre_v2 spec_store_bypass l1tf mds swapgs itlb_multihit srbds mmio_stale_data retbleed gds
bogomips	: 5202.65
clflush size	: 64
cache_alignment	: 64
address sizes	: 39 bits physical, 48 bits virtual
power management:

processor	: 3
vendor_id	: GenuineIntel
cpu family	: 6
model		: 158
model name	: Intel(R) Core(TM) i7-9750H CPU @ 2.60GHz
stepping	: 10
microcode	: 0xb4
cpu MHz		: 2600.137
cache size	: 12288 KB
physical id	: 0
siblings	: 12
core id		: 3
cpu cores	: 6
apicid		: 6
initial apicid	: 6
fpu		: yes
fpu_exception	: yes
cpuid level	: 22
wp		: yes
flags		: fpu vme de pse tsc msr pae mce cx8 apic sep mtrr pge mca cmov pat pse36 clflush dts acpi mmx fxsr sse sse2 ss ht tm pbe syscall nx pdpe1gb rdtscp lm constant_tsc art arch_perfmon pebs bts rep_good nopl xtopology nonstop_tsc cpuid aperfmperf pni pclmulqdq dtes64 monitor ds_cpl vmx est tm2 ssse3 sdbg fma cx16 xtpr pdcm pcid sse4_1 sse4_2 x2apic movbe popcnt tsc_deadline_timer aes xsave avx f16c rdrand lahf_lm abm 3dnowprefetch cpuid_fault epb pti ssbd ibrs ibpb stibp tpr_shadow flexpriority ept vpid ept_ad fsgsbase tsc_adjust bmi1 avx2 smep bmi2 erms invpcid mpx rdseed adx smap clflushopt intel_pt xsaveopt xsavec xgetbv1 xsaves dtherm ida arat pln pts hwp hwp_notify hwp_act_window hwp_epp vnmi md_clear flush_l1d
vmx flags	: vnmi preemption_timer invvpid ept_x_only ept_ad ept_1gb flexpriority tsc_offset vtpr mtf vapic ept vpid unrestricted_guest ple pml ept_violation_ve ept_mode_based_exec
bugs		: cpu_meltdown spectre_v1 spectre_v2 spec_store_bypass l1tf mds swapgs itlb_multihit srbds mmio_stale_data retbleed gds
bogomips	: 5202.65
clflush size	: 64
cache_alignment	: 64
address sizes	: 39 bits physical, 48 bits virtual
power management:

processor	: 4
vendor_id	: GenuineIntel
cpu family	: 6
model		: 158
model name	: Intel(R) Core(TM) i7-9750H CPU @ 2.60GHz
stepping	: 10
microcode	: 0xb4
cpu MHz		: 2600.004
cache size	: 12288 KB
physical id	: 0
siblings	: 12
core id		: 4
cpu cores	: 6
apicid		: 8
initial apicid	: 8
fpu		: yes
fpu_exception	: yes
cpuid level	: 22
wp		: yes
flags		: fpu vme de pse tsc msr pae mce cx8 apic sep mtrr pge mca cmov pat pse36 clflush dts acpi mmx fxsr sse sse2 ss ht tm pbe syscall nx pdpe1gb rdtscp lm constant_tsc art arch_perfmon pebs bts rep_good nopl xtopology nonstop_tsc cpuid aperfmperf pni pclmulqdq dtes64 monitor ds_cpl vmx est tm2 ssse3 sdbg fma cx16 xtpr pdcm pcid sse4_1 sse4_2 x2apic movbe popcnt tsc_deadline_timer aes xsave avx f16c rdrand lahf_lm abm 3dnowprefetch cpuid_fault epb pti ssbd ibrs ibpb stibp tpr_shadow flexpriority ept vpid ept_ad fsgsbase tsc_adjust bmi1 avx2 smep bmi2 erms invpcid mpx rdseed adx smap clflushopt intel_pt xsaveopt xsavec xgetbv1 xsaves dtherm ida arat pln pts hwp hwp_notify hwp_act_window hwp_epp vnmi md_clear flush_l1d
vmx flags	: vnmi preemption_timer invvpid ept_x_only ept_ad ept_1gb flexpriority tsc_offset vtpr mtf vapic ept vpid unrestricted_guest ple pml ept_violation_ve ept_mode_based_exec
bugs		: cpu_meltdown spectre_v1 spectre_v2 spec_store_bypass l1tf mds swapgs itlb_multihit srbds mmio_stale_data retbleed gds
bogomips	: 5202.65
clflush size	: 64
cache_alignment	: 64
address sizes	: 39 bits physical, 48 bits virtual
power management:

processor	: 5
vendor_id	: GenuineIntel
cpu family	: 6
model		: 158
model name	: Intel(R) Core(TM) i7-9750H CPU @ 2.60GHz
stepping	: 10
microcode	: 0xb4
cpu MHz		: 2600.001
cache size	: 12288 KB
physical id	: 0
siblings	: 12
core id		: 5
cpu cores	: 6
apicid		: 10
initial apicid	: 10
fpu		: yes
fpu_exception	: yes
cpuid level	: 22
wp		: yes
flags		: fpu vme de pse tsc msr pae mce cx8 apic sep mtrr pge mca cmov pat pse36 clflush dts acpi mmx fxsr sse sse2 ss ht tm pbe syscall nx pdpe1gb rdtscp lm constant_tsc art arch_perfmon pebs bts rep_good nopl xtopology nonstop_tsc cpuid aperfmperf pni pclmulqdq dtes64 monitor ds_cpl vmx est tm2 ssse3 sdbg fma cx16 xtpr pdcm pcid sse4_1 sse4_2 x2apic movbe popcnt tsc_deadline_timer aes xsave avx f16c rdrand lahf_lm abm 3dnowprefetch cpuid_fault epb pti ssbd ibrs ibpb stibp tpr_shadow flexpriority ept vpid ept_ad fsgsbase tsc_adjust bmi1 avx2 smep bmi2 erms invpcid mpx rdseed adx smap clflushopt intel_pt xsaveopt xsavec xgetbv1 xsaves dtherm ida arat pln pts hwp hwp_notify hwp_act_window hwp_epp vnmi md_clear flush_l1d
vmx flags	: vnmi preemption_timer invvpid ept_x_only ept_ad ept_1gb flexpriority tsc_offset vtpr mtf vapic ept vpid unrestricted_guest ple pml ept_violation_ve ept_mode_based_exec
bugs		: cpu_meltdown spectre_v1 spectre_v2 spec_store_bypass l1tf mds swapgs itlb_multihit srbds mmio_stale_data retbleed gds
bogomips	: 5202.65
clflush size	: 64
cache_alignment	: 64
address sizes	: 39 bits physical, 48 bits virtual
power management:

processor	: 6
vendor_id	: GenuineIntel
cpu family	: 6
model		: 158
model name	: Intel(R) Core(TM) i7-9750H CPU @ 2.60GHz
stepping	: 10
microcode	: 0xb4
cpu MHz		: 2600.051
cache size	: 12288 KB
physical id	: 0
siblings	: 12
core id		: 0
cpu cores	: 6
apicid		: 1
initial apicid	: 1
fpu		: yes
fpu_exception	: yes
cpuid level	: 22
wp		: yes
flags		: fpu vme de pse tsc msr pae mce cx8 apic sep mtrr pge mca cmov pat pse36 clflush dts acpi mmx fxsr sse sse2 ss ht tm pbe syscall nx pdpe1gb rdtscp lm constant_tsc art arch_perfmon pebs bts rep_good nopl xtopology nonstop_tsc cpuid aperfmperf pni pclmulqdq dtes64 monitor ds_cpl vmx est tm2 ssse3 sdbg fma cx16 xtpr pdcm pcid sse4_1 sse4_2 x2apic movbe popcnt tsc_deadline_timer aes xsave avx f16c rdrand lahf_lm abm 3dnowprefetch cpuid_fault epb pti ssbd ibrs ibpb stibp tpr_shadow flexpriority ept vpid ept_ad fsgsbase tsc_adjust bmi1 avx2 smep bmi2 erms invpcid mpx rdseed adx smap clflushopt intel_pt xsaveopt xsavec xgetbv1 xsaves dtherm ida arat pln pts hwp hwp_notify hwp_act_window hwp_epp vnmi md_clear flush_l1d
vmx flags	: vnmi preemption_timer invvpid ept_x_only ept_ad ept_1gb flexpriority tsc_offset vtpr mtf vapic ept vpid unrestricted_guest ple pml ept_violation_ve ept_mode_based_exec
bugs		: cpu_meltdown spectre_v1 spectre_v2 spec_store_bypass l1tf mds swapgs itlb_multihit srbds mmio_stale_data retbleed gds
bogomips	: 5202.65
clflush size	: 64
cache_alignment	: 64
address sizes	: 39 bits physical, 48 bits virtual
power management:

processor	: 7
vendor_id	: GenuineIntel
cpu family	: 6
model		: 158
model name	: Intel(R) Core(TM) i7-9750H CPU @ 2.60GHz
stepping	: 10
microcode	: 0xb4
cpu MHz		: 2600.001
cache size	: 12288 KB
physical id	: 0
siblings	: 12
core id		: 1
cpu cores	: 6
apicid		: 3
initial apicid	: 3
fpu		: yes
fpu_exception	: yes
cpuid level	: 22
wp		: yes
flags		: fpu vme de pse tsc msr pae mce cx8 apic sep mtrr pge mca cmov pat pse36 clflush dts acpi mmx fxsr sse sse2 ss ht tm pbe syscall nx pdpe1gb rdtscp lm constant_tsc art arch_perfmon pebs bts rep_good nopl xtopology nonstop_tsc cpuid aperfmperf pni pclmulqdq dtes64 monitor ds_cpl vmx est tm2 ssse3 sdbg fma cx16 xtpr pdcm pcid sse4_1 sse4_2 x2apic movbe popcnt tsc_deadline_timer aes xsave avx f16c rdrand lahf_lm abm 3dnowprefetch cpuid_fault epb pti ssbd ibrs ibpb stibp tpr_shadow flexpriority ept vpid ept_ad fsgsbase tsc_adjust bmi1 avx2 smep bmi2 erms invpcid mpx rdseed adx smap clflushopt intel_pt xsaveopt xsavec xgetbv1 xsaves dtherm ida arat pln pts hwp hwp_notify hwp_act_window hwp_epp vnmi md_clear flush_l1d
vmx flags	: vnmi preemption_timer invvpid ept_x_only ept_ad ept_1gb flexpriority tsc_offset vtpr mtf vapic ept vpid unrestricted_guest ple pml ept_violation_ve ept_mode_based_exec
bugs		: cpu_meltdown spectre_v1 spectre_v2 spec_store_bypass l1tf mds swapgs itlb_multihit srbds mmio_stale_data retbleed gds
bogomips	: 5202.65
clflush size	: 64
cache_alignment	: 64
address sizes	: 39 bits physical, 48 bits virtual
power management:

processor	: 8
vendor_id	: GenuineIntel
cpu family	: 6
model		: 158
model name	: Intel(R) Core(TM) i7-9750H CPU @ 2.60GHz
stepping	: 10
microcode	: 0xb4
cpu MHz		: 2600.070
cache size	: 12288 KB
physical id	: 0
siblings	: 12
core id		: 2
cpu cores	: 6
apicid		: 5
initial apicid	: 5
fpu		: yes
fpu_exception	: yes
cpuid level	: 22
wp		: yes
flags		: fpu vme de pse tsc msr pae mce cx8 apic sep mtrr pge mca cmov pat pse36 clflush dts acpi mmx fxsr sse sse2 ss ht tm pbe syscall nx pdpe1gb rdtscp lm constant_tsc art arch_perfmon pebs bts rep_good nopl xtopology nonstop_tsc cpuid aperfmperf pni pclmulqdq dtes64 monitor ds_cpl vmx est tm2 ssse3 sdbg fma cx16 xtpr pdcm pcid sse4_1 sse4_2 x2apic movbe popcnt tsc_deadline_timer aes xsave avx f16c rdrand lahf_lm abm 3dnowprefetch cpuid_fault epb pti ssbd ibrs ibpb stibp tpr_shadow flexpriority ept vpid ept_ad fsgsbase tsc_adjust bmi1 avx2 smep bmi2 erms invpcid mpx rdseed adx smap clflushopt intel_pt xsaveopt xsavec xgetbv1 xsaves dtherm ida arat pln pts hwp hwp_notify hwp_act_window hwp_epp vnmi md_clear flush_l1d
vmx flags	: vnmi preemption_timer invvpid ept_x_only ept_ad ept_1gb flexpriority tsc_offset vtpr mtf vapic ept vpid unrestricted_guest ple pml ept_violation_ve ept_mode_based_exec
bugs		: cpu_meltdown spectre_v1 spectre_v2 spec_store_bypass l1tf mds swapgs itlb_multihit srbds mmio_stale_data retbleed gds
bogomips	: 5202.65
clflush size	: 64
cache_alignment	: 64
address sizes	: 39 bits physical, 48 bits virtual
power management:

processor	: 9
vendor_id	: GenuineIntel
cpu family	: 6
model		: 158
model name	: Intel(R) Core(TM) i7-9750H CPU @ 2.60GHz
stepping	: 10
microcode	: 0xb4
cpu MHz		: 2600.011
cache size	: 12288 KB
physical id	: 0
siblings	: 12
core id		: 3
cpu cores	: 6
apicid		: 7
initial apicid	: 7
fpu		: yes
fpu_exception	: yes
cpuid level	: 22
wp		: yes
flags		: fpu vme de pse tsc msr pae mce cx8 apic sep mtrr pge mca cmov pat pse36 clflush dts acpi mmx fxsr sse sse2 ss ht tm pbe syscall nx pdpe1gb rdtscp lm constant_tsc art arch_perfmon pebs bts rep_good nopl xtopology nonstop_tsc cpuid aperfmperf pni pclmulqdq dtes64 monitor ds_cpl vmx est tm2 ssse3 sdbg fma cx16 xtpr pdcm pcid sse4_1 sse4_2 x2apic movbe popcnt tsc_deadline_timer aes xsave avx f16c rdrand lahf_lm abm 3dnowprefetch cpuid_fault epb pti ssbd ibrs ibpb stibp tpr_shadow flexpriority ept vpid ept_ad fsgsbase tsc_adjust bmi1 avx2 smep bmi2 erms invpcid mpx rdseed adx smap clflushopt intel_pt xsaveopt xsavec xgetbv1 xsaves dtherm ida arat pln pts hwp hwp_notify hwp_act_window hwp_epp vnmi md_clear flush_l1d
vmx flags	: vnmi preemption_timer invvpid ept_x_only ept_ad ept_1gb flexpriority tsc_offset vtpr mtf vapic ept vpid unrestricted_guest ple pml ept_violation_ve ept_mode_based_exec
bugs		: cpu_meltdown spectre_v1 spectre_v2 spec_store_bypass l1tf mds swapgs itlb_multihit srbds mmio_stale_data retbleed gds
bogomips	: 5202.65
clflush size	: 64
cache_alignment	: 64
address sizes	: 39 bits physical, 48 bits virtual
power management:

processor	: 10
vendor_id	: GenuineIntel
cpu family	: 6
model		: 158
model name	: Intel(R) Core(TM) i7-9750H CPU @ 2.60GHz
stepping	: 10
microcode	: 0xb4
cpu MHz		: 2600.002
cache size	: 12288 KB
physical id	: 0
siblings	: 12
core id		: 4
cpu cores	: 6
apicid		: 9
initial apicid	: 9
fpu		: yes
fpu_exception	: yes
cpuid level	: 22
wp		: yes
flags		: fpu vme de pse tsc msr pae mce cx8 apic sep mtrr pge mca cmov pat pse36 clflush dts acpi mmx fxsr sse sse2 ss ht tm pbe syscall nx pdpe1gb rdtscp lm constant_tsc art arch_perfmon pebs bts rep_good nopl xtopology nonstop_tsc cpuid aperfmperf pni pclmulqdq dtes64 monitor ds_cpl vmx est tm2 ssse3 sdbg fma cx16 xtpr pdcm pcid sse4_1 sse4_2 x2apic movbe popcnt tsc_deadline_timer aes xsave avx f16c rdrand lahf_lm abm 3dnowprefetch cpuid_fault epb pti ssbd ibrs ibpb stibp tpr_shadow flexpriority ept vpid ept_ad fsgsbase tsc_adjust bmi1 avx2 smep bmi2 erms invpcid mpx rdseed adx smap clflushopt intel_pt xsaveopt xsavec xgetbv1 xsaves dtherm ida arat pln pts hwp hwp_notify hwp_act_window hwp_epp vnmi md_clear flush_l1d
vmx flags	: vnmi preemption_timer invvpid ept_x_only ept_ad ept_1gb flexpriority tsc_offset vtpr mtf vapic ept vpid unrestricted_guest ple pml ept_violation_ve ept_mode_based_exec
bugs		: cpu_meltdown spectre_v1 spectre_v2 spec_store_bypass l1tf mds swapgs itlb_multihit srbds mmio_stale_data retbleed gds
bogomips	: 5202.65
clflush size	: 64
cache_alignment	: 64
address sizes	: 39 bits physical, 48 bits virtual
power management:

processor	: 11
vendor_id	: GenuineIntel
cpu family	: 6
model		: 158
model name	: Intel(R) Core(TM) i7-9750H CPU @ 2.60GHz
stepping	: 10
microcode	: 0xb4
cpu MHz		: 2599.993
cache size	: 12288 KB
physical id	: 0
siblings	: 12
core id		: 5
cpu cores	: 6
apicid		: 11
initial apicid	: 11
fpu		: yes
fpu_exception	: yes
cpuid level	: 22
wp		: yes
flags		: fpu vme de pse tsc msr pae mce cx8 apic sep mtrr pge mca cmov pat pse36 clflush dts acpi mmx fxsr sse sse2 ss ht tm pbe syscall nx pdpe1gb rdtscp lm constant_tsc art arch_perfmon pebs bts rep_good nopl xtopology nonstop_tsc cpuid aperfmperf pni pclmulqdq dtes64 monitor ds_cpl vmx est tm2 ssse3 sdbg fma cx16 xtpr pdcm pcid sse4_1 sse4_2 x2apic movbe popcnt tsc_deadline_timer aes xsave avx f16c rdrand lahf_lm abm 3dnowprefetch cpuid_fault epb pti ssbd ibrs ibpb stibp tpr_shadow flexpriority ept vpid ept_ad fsgsbase tsc_adjust bmi1 avx2 smep bmi2 erms invpcid mpx rdseed adx smap clflushopt intel_pt xsaveopt xsavec xgetbv1 xsaves dtherm ida arat pln pts hwp hwp_notify hwp_act_window hwp_epp vnmi md_clear flush_l1d
vmx flags	: vnmi preemption_timer invvpid ept_x_only ept_ad ept_1gb flexpriority tsc_offset vtpr mtf vapic ept vpid unrestricted_guest ple pml ept_violation_ve ept_mode_based_exec
bugs		: cpu_meltdown spectre_v1 spectre_v2 spec_store_bypass l1tf mds swapgs itlb_multihit srbds mmio_stale_data retbleed gds
bogomips	: 5202.65
clflush size	: 64
cache_alignment	: 64
address sizes	: 39 bits physical, 48 bits virtual
power management:



Memory: 4k page, physical 16251968k(327152k free), swap 0k(0k free)

vm_info: OpenJDK 64-Bit Server VM (25.422-b05) for linux-amd64 JRE (1.8.0_422-b05), built on Jul 25 2024 11:08:01 by "builduser" with gcc 14.1.1 20240720

time: Fri Oct 11 22:42:07 2024
timezone: EEST
elapsed time: 3.743205 seconds (0d 0h 0m 3s)

